<?xml version="1.0" encoding="UTF-8"?>
<!-- Generated by org.testng.reporters.JUnitXMLReporter -->
<testsuite hostname="BLRM-300067719" name="RestAPITest" tests="16" failures="0" timestamp="19 Apr 2020 17:39:30 GMT" time="5.847" errors="0">
  <testcase name="checkResponseTime" time="0.002" classname="com.RestAssured.TestCases.Get_List_Of_Categories"/>
  <testcase name="checkStatusCode" time="0.004" classname="com.RestAssured.TestCases.Get_List_Of_Categories"/>
  <testcase name="checkStatusLine" time="0.001" classname="com.RestAssured.TestCases.Get_List_Of_Categories"/>
  <testcase name="getListOfCategoryResponse" time="0.96" classname="com.RestAssured.TestCases.Get_List_Of_Categories"/>
  <testcase name="checkResponseTime" time="0.001" classname="com.RestAssured.TestCases.Get_LocationDetail_from_Coordinates"/>
  <testcase name="checkStatusCode" time="0.001" classname="com.RestAssured.TestCases.Get_LocationDetail_from_Coordinates"/>
  <testcase name="checkStatusLine" time="0.0" classname="com.RestAssured.TestCases.Get_LocationDetail_from_Coordinates"/>
  <testcase name="getLocationDetailResponse" time="0.094" classname="com.RestAssured.TestCases.Get_LocationDetail_from_Coordinates"/>
  <testcase name="checkResponseTime" time="0.001" classname="com.RestAssured.TestCases.Get_Zometo_LocationDetails_From_Entity"/>
  <testcase name="checkStatusCode" time="0.001" classname="com.RestAssured.TestCases.Get_Zometo_LocationDetails_From_Entity"/>
  <testcase name="checkStatusLine" time="0.0" classname="com.RestAssured.TestCases.Get_Zometo_LocationDetails_From_Entity"/>
  <testcase name="getLocationDetail_From_Entity_Response" time="0.105" classname="com.RestAssured.TestCases.Get_Zometo_LocationDetails_From_Entity"/>
  <testcase name="checkResponseTime" time="0.0" classname="com.RestAssured.TestCases.Get_RestaurantDetail_From_RestaurentID"/>
  <testcase name="checkStatusCode" time="0.0" classname="com.RestAssured.TestCases.Get_RestaurantDetail_From_RestaurentID"/>
  <testcase name="checkStatusLine" time="0.001" classname="com.RestAssured.TestCases.Get_RestaurantDetail_From_RestaurentID"/>
  <testcase name="getRestaurantDetail_From_RestaurantID_Response" time="0.032" classname="com.RestAssured.TestCases.Get_RestaurantDetail_From_RestaurentID"/>
</testsuite> <!-- RestAPITest -->
