<?xml version="1.0" encoding="UTF-8"?>
<!-- Generated by org.testng.reporters.JUnitXMLReporter -->
<testsuite hostname="BLRM-300067719" name="Default test" tests="4" failures="0" timestamp="19 Apr 2020 17:31:07 GMT" time="1.777" errors="0">
  <testcase name="checkResponseTime" time="0.005" classname="com.RestAssured.TestCases.Get_RestaurantDetail_From_RestaurentID"/>
  <testcase name="checkStatusCode" time="0.003" classname="com.RestAssured.TestCases.Get_RestaurantDetail_From_RestaurentID"/>
  <testcase name="checkStatusLine" time="0.001" classname="com.RestAssured.TestCases.Get_RestaurantDetail_From_RestaurentID"/>
  <testcase name="getRestaurantDetail_From_RestaurantID_Response" time="0.557" classname="com.RestAssured.TestCases.Get_RestaurantDetail_From_RestaurentID"/>
</testsuite> <!-- Default test -->
